<?xml version="1.0" encoding="utf-8"?><testsuites name="pytest tests"><testsuite name="pytest" errors="0" failures="0" skipped="0" tests="724" time="317.904" timestamp="2026-09-08T15:42:27.664798+02:00" hostname="DESKTOP-2TEE7MM"><testcase classname="tests.test_audit" name="test_a_clean_bundle_passes_and_reports_its_size_headroom" time="0.022" /><testcase classname="tests.test_audit" name="test_a_raw_spacex_file_in_the_bundle_stops_the_deploy" time="0.018" /><testcase classname="tests.test_audit" name="test_a_credential_anywhere_in_the_bundle_stops_the_deploy" time="0.017" /><testcase classname="tests.test_audit" name="test_the_minified_bundle_does_not_cry_wolf" time="0.021" /><testcase classname="tests.test_audit" name="test_a_file_over_the_pages_limit_stops_the_deploy" time="0.004" /><testcase classname="tests.test_audit" name="test_the_deploy_token_s_literal_value_is_searched_for" time="0.006" /><testcase classname="tests.test_audit" name="test_a_missing_directory_is_an_error_not_a_pass" time="0.003" /><testcase classname="tests.test_audit" name="test_constructed_demonstration_inputs_cannot_be_published" time="0.027" /><testcase classname="tests.test_benchmark_statistics" name="test_interpolated_quantile_can_pass_when_less_than_95_percent_of_trials_pass" time="0.050" /><testcase classname="tests.test_benchmark_statistics" name="test_tolerance_equality_is_inside_and_exactly_95_percent_passes" time="0.047" /><testcase classname="tests.test_benchmark_statistics" name="test_missing_or_excluded_leads_are_censored_instead_of_failures_or_seven_day_success" time="0.080" /><testcase classname="tests.test_benchmark_statistics" name="test_failure_bracket_stops_at_first_failure_even_if_later_residuals_recover" time="0.037" /><testcase classname="tests.test_benchmark_statistics" name="test_disaggregated_coverage_exposes_a_pooled_mixture_and_ignores_stale_flags" time="0.039" /><testcase classname="tests.test_benchmark_statistics" name="test_deletion_removes_whole_set_trajectory_and_preserves_grid_when_a_mission_disappears" time="0.072" /><testcase classname="tests.test_benchmark_statistics" name="test_invalid_residual_and_sigma_pairs_keep_explicit_denominators_and_json_is_finite" time="0.026" /><testcase classname="tests.test_benchmark_statistics" name="test_duplicate_set_leads_and_unplanned_leads_are_rejected" time="0.005" /><testcase classname="tests.test_benchmark_statistics" name="test_component_coverage_deletions_preserve_sets_and_component_specific_denominators" time="0.038" /><testcase classname="tests.test_benchmark_statistics" name="test_component_coverage_deletions_report_undefined_and_zero_sigma_pairs" time="0.044" /><testcase classname="tests.test_cdm" name="test_the_kvn_sample_reads_into_the_typed_fields" time="0.002" /><testcase classname="tests.test_cdm" name="test_the_xml_form_reads_to_the_same_encounter_and_the_same_objects" time="0.001" /><testcase classname="tests.test_cdm" name="test_a_message_written_out_reads_back_equal" time="0.001" /><testcase classname="tests.test_cdm" name="test_epochs_in_both_calendar_and_day_of_year_forms_and_designators_normalise" time="0.001" /><testcase classname="tests.test_cdm" name="test_a_file_without_a_tca_is_refused_and_a_directory_is_read_whole" time="0.018" /><testcase classname="tests.test_cdm" name="test_a_kelvins_row_becomes_a_message_whose_numbers_are_the_row_s_own" time="0.012" /><testcase classname="tests.test_cdm" name="test_the_synthetic_tca_is_deterministic_and_spread_over_a_week" time="0.002" /><testcase classname="tests.test_cdm" name="test_kelvins_events_are_one_row_per_conjunction_with_the_last_message_s_numbers" time="0.013" /><testcase classname="tests.test_cdm" name="test_matching_messages_to_events_built_from_the_same_rows_recovers_them_and_reports_the_rest" time="0.098" /><testcase classname="tests.test_cdm" name="test_the_matcher_picks_a_scenario_and_tolerates_a_frame_with_no_flags" time="0.076" /><testcase classname="tests.test_cdm" name="test_the_real_kelvins_rows_go_through_the_whole_path_when_present" time="0.376" /><testcase classname="tests.test_cdm" name="test_default_reference_epoch_is_the_gannon_window" time="0.001" /><testcase classname="tests.test_celestrak" name="test_user_agent_is_descriptive" time="0.001" /><testcase classname="tests.test_celestrak" name="test_fetch_caches_and_respects_two_hour_floor" time="0.046" /><testcase classname="tests.test_celestrak" name="test_unknown_group_is_an_error" time="0.004" /><testcase classname="tests.test_celestrak" name="test_stale_cache_survives_outage" time="0.011" /><testcase classname="tests.test_celestrak" name="test_offline_requires_cache" time="0.004" /><testcase classname="tests.test_celestrak" name="test_fetch_groups_shares_client" time="0.020" /><testcase classname="tests.test_classify" name="test_categorise_rules" time="0.001" /><testcase classname="tests.test_classify" name="test_altitude_band_rules" time="0.001" /><testcase classname="tests.test_classify" name="test_vectorised_bands_agree_with_scalar" time="0.001" /><testcase classname="tests.test_cli_dsgp4_guards" name="test_unknown_window_stops_before_full_parquet_read" time="0.008" /><testcase classname="tests.test_cli_dsgp4_guards" name="test_mislabeled_epoch_stops_before_any_residual_column" time="0.011" /><testcase classname="tests.test_contact_planner" name="test_compare_an_actual_schedule_and_keep_its_protected_contact" time="0.005" /><testcase classname="tests.test_contact_planner" name="test_protected_lower_priority_is_never_silently_removed" time="0.002" /><testcase classname="tests.test_contact_planner" name="test_equal_priority_preserves_current_schedule_including_decimal_ties" time="0.002" /><testcase classname="tests.test_contact_planner" name="test_infeasible_baseline_is_reported_without_a_false_improvement" time="0.002" /><testcase classname="tests.test_contact_planner" name="test_turnaround_applies_on_both_sides_of_commitments_and_at_boundaries" time="0.004" /><testcase classname="tests.test_contact_planner" name="test_ambiguous_flags_are_refused[maybe]" time="0.002" /><testcase classname="tests.test_contact_planner" name="test_ambiguous_flags_are_refused[booked]" time="0.002" /><testcase classname="tests.test_contact_planner" name="test_ambiguous_flags_are_refused[2]" time="0.002" /><testcase classname="tests.test_contact_planner" name="test_ambiguous_flags_are_refused[nan]" time="0.002" /><testcase classname="tests.test_contact_planner" name="test_optional_mapped_columns_are_explicit_and_five_column_files_still_work" time="0.006" /><testcase classname="tests.test_contact_planner" name="test_committed_scheduler_matches_exhaustive_priority_then_minimum_changes" time="0.056" /><testcase classname="tests.test_covariance" name="test_profile_likelihood_recovers_a_designed_power_law" time="0.002" /><testcase classname="tests.test_covariance" name="test_period_noise_grows_linearly_in_track_and_timing_noise_is_a_flat_floor" time="0.304" /><testcase classname="tests.test_covariance" name="test_a_burn_is_detected_and_pairs_across_it_are_kept_out_of_the_fit" time="0.295" /><testcase classname="tests.test_covariance" name="test_a_reversed_jump_is_one_bad_element_set_not_two_burns" time="0.195" /><testcase classname="tests.test_covariance" name="test_detect_jumps_thresholds_raise_lower_reversal_gap_and_nan" time="0.001" /><testcase classname="tests.test_covariance" name="test_manoeuvre_prior_is_three_valued_and_only_possible_can_be_promoted" time="0.001" /><testcase classname="tests.test_covariance" name="test_fit_covariance_labels_empirical_pooled_and_default_and_round_trips" time="0.254" /><testcase classname="tests.test_covariance" name="test_a_pool_with_enough_fitted_members_is_their_median_fit" time="0.593" /><testcase classname="tests.test_covariance" name="test_models_satisfy_the_protocol_and_scaling_wraps_a_base_model" time="0.001" /><testcase classname="tests.test_covariance" name="test_supplemental_covariance_is_fitted_from_successive_versions_not_from_gp_history" time="1.979" /><testcase classname="tests.test_covariance" name="test_supplemental_covariance_defers_to_the_base_model_beyond_its_horizon" time="0.669" /><testcase classname="tests.test_covariance" name="test_binned_growth_anchors_a_prior_exponent_at_the_longest_bin" time="0.005" /><testcase classname="tests.test_covariance" name="test_every_component_is_a_floor_plus_growth_and_the_model_reproduces_its_anchor_bin" time="0.002" /><testcase classname="tests.test_covariance" name="test_radial_and_cross_track_are_floor_only_until_the_bins_resolve_a_trend" time="0.003" /><testcase classname="tests.test_covariance" name="test_a_bin_with_too_few_pairs_is_not_used_for_the_floor_the_growth_or_the_horizon" time="0.002" /><testcase classname="tests.test_covariance" name="test_the_horizon_is_the_longest_resolved_bin_not_the_longest_pair" time="1.292" /><testcase classname="tests.test_covariance" name="test_supplemental_covariance_without_a_second_version_is_the_published_rms" time="0.018" /><testcase classname="tests.test_covariance" name="test_the_supplemental_fit_keeps_pairs_that_span_a_burn" time="0.057" /><testcase classname="tests.test_covariance" name="test_the_supplemental_table_round_trips_through_the_covariance_file" time="0.031" /><testcase classname="tests.test_covariance" name="test_label_cov_sources_uses_the_model_that_will_serve_each_object" time="0.017" /><testcase classname="tests.test_covariance" name="test_a_fit_refuses_element_sets_outside_its_recorded_window" time="0.132" /><testcase classname="tests.test_covariance" name="test_fit_from_history_reads_only_its_window" time="0.316" /><testcase classname="tests.test_drag" name="test_the_ap_vector_is_the_seven_element_history_nrlmsis_expects" time="0.006" /><testcase classname="tests.test_drag" name="test_the_flux_is_the_previous_days_observed_value_with_the_centred_average" time="0.007" /><testcase classname="tests.test_drag" name="test_a_missing_driver_gives_no_density_rather_than_a_quiet_day" time="0.005" /><testcase classname="tests.test_drag" name="test_quiet_density_is_within_the_published_range_and_falls_with_altitude" time="0.018" /><testcase classname="tests.test_drag" name="test_a_storm_raises_the_density_and_raises_it_more_the_higher_you_are" time="0.059" /><testcase classname="tests.test_drag" name="test_the_step_tightens_for_eccentric_orbits_and_stays_inside_its_bounds" time="0.001" /><testcase classname="tests.test_drag" name="test_the_decay_inversion_is_the_general_form_not_the_circular_one" time="0.001" /><testcase classname="tests.test_drag" name="test_the_fit_recovers_a_designed_ballistic_coefficient" time="0.082" /><testcase classname="tests.test_drag" name="test_a_burn_in_the_history_is_excluded_rather_than_read_as_negative_drag" time="0.073" /><testcase classname="tests.test_drag" name="test_an_object_whose_decay_says_nothing_falls_back_and_says_so" time="0.117" /><testcase classname="tests.test_drag" name="test_a_fit_is_accepted_against_the_objects_own_scatter_not_a_fixed_number_of_metres" time="0.159" /><testcase classname="tests.test_drag" name="test_every_accepted_coefficient_carries_an_uncertainty_step_3_can_propagate" time="0.090" /><testcase classname="tests.test_drag" name="test_the_typical_value_is_taken_by_category_and_drag_altitude_band" time="0.005" /><testcase classname="tests.test_drag" name="test_the_fit_budget_falls_back_rather_than_running_over" time="0.100" /><testcase classname="tests.test_drag" name="test_a_fitted_coefficient_is_cached_and_refitted_only_when_it_should_be" time="0.021" /><testcase classname="tests.test_drag" name="test_the_density_matches_nrls_own_published_reference_output" time="0.014" /><testcase classname="tests.test_drag" name="test_the_seven_element_ap_mode_is_the_one_that_answers_a_storm" time="0.007" /><testcase classname="tests.test_drag" name="test_a_satellite_falling_faster_than_its_own_geometry_allows_is_thrust_not_drag" time="0.202" /><testcase classname="tests.test_drag" name="test_a_thrusting_object_takes_the_typical_value_and_never_its_own_bstar" time="0.367" /><testcase classname="tests.test_dsgp4_eval" name="test_an_element_set_becomes_a_dsgp4_object_that_propagates_like_the_library" time="0.012" /><testcase classname="tests.test_dsgp4_eval" name="test_the_zero_started_hybrid_is_sgp4_and_learns_a_constant_offset" time="4.797" /><testcase classname="tests.test_dsgp4_eval" name="test_trial_sets_and_residuals_at_leads_follow_the_benchmark_frame" time="0.084" /><testcase classname="tests.test_dsgp4_eval" name="test_historical_checkpoint_rule_requires_both_inspected_evaluation_windows" time="0.001" /><testcase classname="tests.test_dsgp4_eval" name="test_hourly_training_excludes_post_burn_arcs_and_preepoch_burns" time="0.027" /><testcase classname="tests.test_dsgp4_eval" name="test_training_requires_both_truth_coverage_and_zero_sgp4_error" time="0.025" /><testcase classname="tests.test_dsgp4_eval" name="test_held_out_samples_and_missing_policies_fail_before_truth_access" time="0.023" /><testcase classname="tests.test_dsgp4_eval" name="test_authoritative_empty_records_are_distinct_from_missing_records_and_flags_are_crosschecked" time="0.009" /><testcase classname="tests.test_dsgp4_eval" name="test_checkpoint_selection_and_persistence_use_a_fixed_model_objective" time="0.033" /><testcase classname="tests.test_dsgp4_eval" name="test_paired_comparisons_report_spacecraft_and_exact_shared_denominators" time="0.036" /><testcase classname="tests.test_dsgp4_eval" name="test_corrected_runner_rejects_a_new_window_before_access_or_output" time="0.004" /><testcase classname="tests.test_export" name="test_bundle_roundtrip" time="0.045" /><testcase classname="tests.test_export" name="test_bundle_credits_spacetrack_when_present" time="0.044" /><testcase classname="tests.test_fleet" name="test_minimal_fleet_round_trip" time="0.013" /><testcase classname="tests.test_fleet" name="test_member_validation[bad0-positive integer]" time="0.001" /><testcase classname="tests.test_fleet" name="test_member_validation[bad1-positive integer]" time="0.001" /><testcase classname="tests.test_fleet" name="test_member_validation[bad2-positive integer]" time="0.001" /><testcase classname="tests.test_fleet" name="test_member_validation[bad3-non-empty]" time="0.001" /><testcase classname="tests.test_fleet" name="test_member_validation[bad4-metres]" time="0.001" /><testcase classname="tests.test_fleet" name="test_member_validation[bad5-metres]" time="0.001" /><testcase classname="tests.test_fleet" name="test_member_validation[bad6-metres]" time="0.001" /><testcase classname="tests.test_fleet" name="test_member_validation[bad7-number]" time="0.001" /><testcase classname="tests.test_fleet" name="test_member_validation[bad8-where the radius came from]" time="0.001" /><testcase classname="tests.test_fleet" name="test_member_validation[bad9-true or false]" time="0.001" /><testcase classname="tests.test_fleet" name="test_member_validation[bad10-true or false]" time="0.001" /><testcase classname="tests.test_fleet" name="test_member_validation[bad11-unknown key]" time="0.001" /><testcase classname="tests.test_fleet" name="test_member_validation[bad12-role]" time="0.001" /><testcase classname="tests.test_fleet" name="test_member_missing_required_key" time="0.001" /><testcase classname="tests.test_fleet" name="test_document_validation" time="0.001" /><testcase classname="tests.test_fleet" name="test_invalid_yaml_is_a_fleet_error" time="0.009" /><testcase classname="tests.test_fleet" name="test_demo_fleet_matches_the_prompt" time="0.006" /><testcase classname="tests.test_fleet" name="test_resolve_fleet_against_snapshot" time="0.033" /><testcase classname="tests.test_frames" name="test_rotation_matches_skyfield_given_same_earth_orientation" time="0.800" /><testcase classname="tests.test_frames" name="test_full_pipeline_residual_vs_skyfield_is_polar_motion" time="0.105" /><testcase classname="tests.test_frames" name="test_gmst_only_error_is_explained_by_dut1_and_polar_motion" time="0.052" /><testcase classname="tests.test_frames" name="test_geodetic_matches_skyfield_subpoint" time="0.074" /><testcase classname="tests.test_frames" name="test_nan_rows_pass_through" time="0.010" /><testcase classname="tests.test_frames" name="test_j2000_to_teme_matches_astropy" time="0.050" /><testcase classname="tests.test_frames" name="test_reading_meme_states_as_teme_would_be_a_forty_kilometre_error" time="0.002" /><testcase classname="tests.test_hermite" name="test_it_passes_through_every_node_with_the_right_slope" time="0.001" /><testcase classname="tests.test_hermite" name="test_it_is_exact_on_a_cubic_because_that_is_what_it_is" time="0.001" /><testcase classname="tests.test_hermite" name="test_the_held_out_error_follows_the_quartic_bound[60.0]" time="0.002" /><testcase classname="tests.test_hermite" name="test_the_held_out_error_follows_the_quartic_bound[120.0]" time="0.001" /><testcase classname="tests.test_hermite" name="test_the_held_out_error_follows_the_quartic_bound[300.0]" time="0.001" /><testcase classname="tests.test_hermite" name="test_it_returns_nan_outside_the_table_rather_than_extrapolating" time="0.001" /><testcase classname="tests.test_hermite" name="test_a_grid_that_is_not_a_grid_is_refused" time="0.001" /><testcase classname="tests.test_hermite" name="test_an_uneven_grid_is_interpolated_on_its_own_spacing" time="0.001" /><testcase classname="tests.test_history" name="test_frame_from_records_dedupes_same_epoch" time="0.016" /><testcase classname="tests.test_history" name="test_write_read_and_load_with_snapshots" time="0.174" /><testcase classname="tests.test_history" name="test_index_is_maintained_rebuilt_and_used_to_open_only_the_right_files" time="0.159" /><testcase classname="tests.test_history" name="test_backfill_batches_skips_covered_ids_and_asks_only_for_missing_days" time="0.208" /><testcase classname="tests.test_history" name="test_history_updates_are_incremental_after_the_first_backfill" time="0.101" /><testcase classname="tests.test_history" name="test_needed_ranges_starts_from_the_newest_stored_set_per_object" time="0.002" /><testcase classname="tests.test_imports_planner" name="test_omm_encodings_preserve_the_same_trajectory_and_long_catalogue_id" time="0.046" /><testcase classname="tests.test_imports_planner" name="test_local_xml_keeps_provider_creation_separate_from_unknown_availability" time="0.209" /><testcase classname="tests.test_imports_planner" name="test_oem_xml_and_mapped_metre_csv_match_kvn_without_unit_guessing" time="0.137" /><testcase classname="tests.test_imports_planner" name="test_tle_checksum_and_conventions_are_enforced" time="0.013" /><testcase classname="tests.test_imports_planner" name="test_malformed_oem_rows_and_xml_units_are_not_silently_skipped" time="0.031" /><testcase classname="tests.test_imports_planner" name="test_scheduler_beats_priority_greedy_and_handles_exact_turnaround" time="0.001" /><testcase classname="tests.test_imports_planner" name="test_scheduler_matches_exhaustive_feasible_subsets_with_variable_columns" time="0.024" /><testcase classname="tests.test_imports_planner" name="test_scheduler_refuses_ambiguous_time_and_multiple_antennas" time="0.001" /><testcase classname="tests.test_imports_planner" name="test_oem_usable_times_constrain_the_comparison_and_keep_gaps" time="0.021" /><testcase classname="tests.test_iss_sanity" name="test_iss_orbit_is_physically_sensible" time="0.008" /><testcase classname="tests.test_iss_sanity" name="test_iss_subpoint_matches_skyfield" time="0.037" /><testcase classname="tests.test_iss_sanity" name="test_iss_passes_over_durban_when_skyfield_says_it_does" time="0.035" /><testcase classname="tests.test_kelvins" name="test_reconstruction_is_exact_on_designed_rows_and_fits_the_radius" time="0.027" /><testcase classname="tests.test_kelvins" name="test_a_per_object_radius_is_recovered_from_the_span_columns" time="0.312" /><testcase classname="tests.test_kelvins" name="test_the_span_convention_is_chosen_on_one_half_and_holds_on_the_other" time="0.356" /><testcase classname="tests.test_kelvins" name="test_find_test_dataset_looks_beside_and_one_level_up" time="0.018" /><testcase classname="tests.test_kelvins" name="test_the_residual_plot_is_valid_svg_with_both_medians" time="0.008" /><testcase classname="tests.test_kelvins" name="test_max_risk_comparison_reads_the_scaling_convention" time="0.165" /><testcase classname="tests.test_kelvins" name="test_find_dataset_returns_none_without_the_download" time="0.015" /><testcase classname="tests.test_kelvins" name="test_kelvins_risk_column_is_reproduced_within_a_factor_of_two_across_the_tail" time="168.735" /><testcase classname="tests.test_kelvins" name="test_the_span_convention_holds_on_rows_it_was_not_recovered_from" time="90.563" /><testcase classname="tests.test_kelvins" name="test_the_radius_lookup_driftwatch_screens_with_is_still_what_the_data_says" time="2.021" /><testcase classname="tests.test_kelvins" name="test_the_residual_does_not_localise_in_the_slow_encounter_bin" time="2.782" /><testcase classname="tests.test_local" name="test_no_network_refuses_every_client_and_restores_them" time="0.106" /><testcase classname="tests.test_local" name="test_parse_oem_reads_segments_states_time_systems_and_skips_covariance" time="0.009" /><testcase classname="tests.test_local" name="test_manoeuvre_records_need_start_and_end_columns" time="0.014" /><testcase classname="tests.test_local" name="test_the_command_runs_an_ephemeris_through_the_benchmark_with_nothing_leaving_the_machine" time="0.370" /><testcase classname="tests.test_local" name="test_ephemeris_benchmark_refuses_an_ephemeris_shorter_than_the_shortest_lead" time="0.017" /><testcase classname="tests.test_locked_experiment" name="test_interrupted_mission_resumes_exact_inputs_and_skips_verified_completion" time="0.302" /><testcase classname="tests.test_locked_experiment" name="test_resume_rejects_tampered_inputs_outputs_sources_or_attestation[gp]" time="0.137" /><testcase classname="tests.test_locked_experiment" name="test_resume_rejects_tampered_inputs_outputs_sources_or_attestation[input]" time="0.173" /><testcase classname="tests.test_locked_experiment" name="test_resume_rejects_tampered_inputs_outputs_sources_or_attestation[output]" time="0.185" /><testcase classname="tests.test_locked_experiment" name="test_resume_rejects_tampered_inputs_outputs_sources_or_attestation[source]" time="0.148" /><testcase classname="tests.test_locked_experiment" name="test_resume_rejects_tampered_inputs_outputs_sources_or_attestation[attestation]" time="0.155" /><testcase classname="tests.test_locked_experiment" name="test_resume_rejects_tampered_inputs_outputs_sources_or_attestation[output_manifest]" time="0.153" /><testcase classname="tests.test_locked_experiment" name="test_external_attestation_gate_precedes_all_data_access[missing]" time="0.012" /><testcase classname="tests.test_locked_experiment" name="test_external_attestation_gate_precedes_all_data_access[protocol_hash]" time="0.018" /><testcase classname="tests.test_locked_experiment" name="test_external_attestation_gate_precedes_all_data_access[author]" time="0.013" /><testcase classname="tests.test_locked_experiment" name="test_external_attestation_gate_precedes_all_data_access[date]" time="0.017" /><testcase classname="tests.test_locked_experiment" name="test_external_attestation_gate_precedes_all_data_access[legacy_embedded]" time="0.016" /><testcase classname="tests.test_locked_experiment" name="test_resume_rejects_changed_protocol_even_with_a_new_matching_attestation" time="0.174" /><testcase classname="tests.test_locked_experiment" name="test_data_access_requires_attestation_and_frozen_hashes" time="0.028" /><testcase classname="tests.test_locked_experiment" name="test_final_completion_must_verify_both_aggregate_files" time="0.219" /><testcase classname="tests.test_locked_experiment" name="test_endpoint_keeps_unavailable_burns_and_spacecraft_deletions" time="0.006" /><testcase classname="tests.test_locked_experiment" name="test_energy_predictor_uses_only_prior_clean_sets_and_retains_endpoint" time="0.004" /><testcase classname="tests.test_manoeuvre_records" name="test_ids_tai_to_utc_recovers_recorded_burn_and_handles_leap_offset" time="0.003" /><testcase classname="tests.test_manoeuvre_records" name="test_sentinel_utc_fractional_times_agree_with_independent_ids_seconds" time="0.003" /><testcase classname="tests.test_manoeuvre_records" name="test_missing_or_unrecognised_catalogue_is_never_no_burn_data" time="0.004" /><testcase classname="tests.test_manoeuvre_records" name="test_authoritative_empty_list_is_preserved_and_missing_mission_is_distinct" time="0.048" /><testcase classname="tests.test_manoeuvre_records" name="test_cached_source_checksum_and_actual_retrieval_time_are_verified" time="0.043" /><testcase classname="tests.test_manoeuvre_records" name="test_malformed_record_inside_request_invalidates_coverage_without_hiding_valid_events" time="0.046" /><testcase classname="tests.test_manoeuvre_records" name="test_outside_published_temporal_span_is_explicitly_incomplete" time="0.034" /><testcase classname="tests.test_manoeuvre_records" name="test_unclosed_sentinel_burn_cannot_be_a_clean_interval" time="0.036" /><testcase classname="tests.test_manoeuvre_records" name="test_online_sentinel_link_resolution_then_offline_raw_replay" time="0.033" /><testcase classname="tests.test_manoeuvre_records" name="test_nine_cnes_missions_use_records_and_orbit_only_loading_can_skip_them" time="0.001" /><testcase classname="tests.test_pc" name="test_zero_miss_isotropic_is_one_minus_exp" time="0.003" /><testcase classname="tests.test_pc" name="test_offset_isotropic_matches_the_noncentral_chi_square[0.0-0.01-0.0]" time="0.004" /><testcase classname="tests.test_pc" name="test_offset_isotropic_matches_the_noncentral_chi_square[0.0-0.01-0.5]" time="0.004" /><testcase classname="tests.test_pc" name="test_offset_isotropic_matches_the_noncentral_chi_square[0.0-0.01-1.0]" time="0.003" /><testcase classname="tests.test_pc" name="test_offset_isotropic_matches_the_noncentral_chi_square[0.0-0.01-2.0]" time="0.004" /><testcase classname="tests.test_pc" name="test_offset_isotropic_matches_the_noncentral_chi_square[0.0-0.01-3.0]" time="0.003" /><testcase classname="tests.test_pc" name="test_offset_isotropic_matches_the_noncentral_chi_square[0.0-0.01-5.0]" time="0.004" /><testcase classname="tests.test_pc" name="test_offset_isotropic_matches_the_noncentral_chi_square[0.0-0.1-0.0]" time="0.004" /><testcase classname="tests.test_pc" name="test_offset_isotropic_matches_the_noncentral_chi_square[0.0-0.1-0.5]" time="0.004" /><testcase classname="tests.test_pc" name="test_offset_isotropic_matches_the_noncentral_chi_square[0.0-0.1-1.0]" time="0.003" /><testcase classname="tests.test_pc" name="test_offset_isotropic_matches_the_noncentral_chi_square[0.0-0.1-2.0]" time="0.003" /><testcase classname="tests.test_pc" name="test_offset_isotropic_matches_the_noncentral_chi_square[0.0-0.1-3.0]" time="0.003" /><testcase classname="tests.test_pc" name="test_offset_isotropic_matches_the_noncentral_chi_square[0.0-0.1-5.0]" time="0.003" /><testcase classname="tests.test_pc" name="test_offset_isotropic_matches_the_noncentral_chi_square[0.0-0.5-0.0]" time="0.003" /><testcase classname="tests.test_pc" name="test_offset_isotropic_matches_the_noncentral_chi_square[0.0-0.5-0.5]" time="0.003" /><testcase classname="tests.test_pc" name="test_offset_isotropic_matches_the_noncentral_chi_square[0.0-0.5-1.0]" time="0.003" /><testcase classname="tests.test_pc" name="test_offset_isotropic_matches_the_noncentral_chi_square[0.0-0.5-2.0]" time="0.003" /><testcase classname="tests.test_pc" name="test_offset_isotropic_matches_the_noncentral_chi_square[0.0-0.5-3.0]" time="0.003" /><testcase classname="tests.test_pc" name="test_offset_isotropic_matches_the_noncentral_chi_square[0.0-0.5-5.0]" time="0.003" /><testcase classname="tests.test_pc" name="test_offset_isotropic_matches_the_noncentral_chi_square[0.0-1.0-0.0]" time="0.004" /><testcase classname="tests.test_pc" name="test_offset_isotropic_matches_the_noncentral_chi_square[0.0-1.0-0.5]" time="0.004" /><testcase classname="tests.test_pc" name="test_offset_isotropic_matches_the_noncentral_chi_square[0.0-1.0-1.0]" time="0.003" /><testcase classname="tests.test_pc" name="test_offset_isotropic_matches_the_noncentral_chi_square[0.0-1.0-2.0]" time="0.004" /><testcase classname="tests.test_pc" name="test_offset_isotropic_matches_the_noncentral_chi_square[0.0-1.0-3.0]" time="0.003" /><testcase classname="tests.test_pc" name="test_offset_isotropic_matches_the_noncentral_chi_square[0.0-1.0-5.0]" time="0.003" /><testcase classname="tests.test_pc" name="test_offset_isotropic_matches_the_noncentral_chi_square[90.0-0.01-0.0]" time="0.003" /><testcase classname="tests.test_pc" name="test_offset_isotropic_matches_the_noncentral_chi_square[90.0-0.01-0.5]" time="0.003" /><testcase classname="tests.test_pc" name="test_offset_isotropic_matches_the_noncentral_chi_square[90.0-0.01-1.0]" time="0.003" /><testcase classname="tests.test_pc" name="test_offset_isotropic_matches_the_noncentral_chi_square[90.0-0.01-2.0]" time="0.003" /><testcase classname="tests.test_pc" name="test_offset_isotropic_matches_the_noncentral_chi_square[90.0-0.01-3.0]" time="0.003" /><testcase classname="tests.test_pc" name="test_offset_isotropic_matches_the_noncentral_chi_square[90.0-0.01-5.0]" time="0.004" /><testcase classname="tests.test_pc" name="test_offset_isotropic_matches_the_noncentral_chi_square[90.0-0.1-0.0]" time="0.004" /><testcase classname="tests.test_pc" name="test_offset_isotropic_matches_the_noncentral_chi_square[90.0-0.1-0.5]" time="0.004" /><testcase classname="tests.test_pc" name="test_offset_isotropic_matches_the_noncentral_chi_square[90.0-0.1-1.0]" time="0.004" /><testcase classname="tests.test_pc" name="test_offset_isotropic_matches_the_noncentral_chi_square[90.0-0.1-2.0]" time="0.003" /><testcase classname="tests.test_pc" name="test_offset_isotropic_matches_the_noncentral_chi_square[90.0-0.1-3.0]" time="0.004" /><testcase classname="tests.test_pc" name="test_offset_isotropic_matches_the_noncentral_chi_square[90.0-0.1-5.0]" time="0.003" /><testcase classname="tests.test_pc" name="test_offset_isotropic_matches_the_noncentral_chi_square[90.0-0.5-0.0]" time="0.004" /><testcase classname="tests.test_pc" name="test_offset_isotropic_matches_the_noncentral_chi_square[90.0-0.5-0.5]" time="0.003" /><testcase classname="tests.test_pc" name="test_offset_isotropic_matches_the_noncentral_chi_square[90.0-0.5-1.0]" time="0.004" /><testcase classname="tests.test_pc" name="test_offset_isotropic_matches_the_noncentral_chi_square[90.0-0.5-2.0]" time="0.004" /><testcase classname="tests.test_pc" name="test_offset_isotropic_matches_the_noncentral_chi_square[90.0-0.5-3.0]" time="0.004" /><testcase classname="tests.test_pc" name="test_offset_isotropic_matches_the_noncentral_chi_square[90.0-0.5-5.0]" time="0.003" /><testcase classname="tests.test_pc" name="test_offset_isotropic_matches_the_noncentral_chi_square[90.0-1.0-0.0]" time="0.003" /><testcase classname="tests.test_pc" name="test_offset_isotropic_matches_the_noncentral_chi_square[90.0-1.0-0.5]" time="0.003" /><testcase classname="tests.test_pc" name="test_offset_isotropic_matches_the_noncentral_chi_square[90.0-1.0-1.0]" time="0.004" /><testcase classname="tests.test_pc" name="test_offset_isotropic_matches_the_noncentral_chi_square[90.0-1.0-2.0]" time="0.003" /><testcase classname="tests.test_pc" name="test_offset_isotropic_matches_the_noncentral_chi_square[90.0-1.0-3.0]" time="0.003" /><testcase classname="tests.test_pc" name="test_offset_isotropic_matches_the_noncentral_chi_square[90.0-1.0-5.0]" time="0.003" /><testcase classname="tests.test_pc" name="test_offset_isotropic_matches_the_noncentral_chi_square[210.0-0.01-0.0]" time="0.003" /><testcase classname="tests.test_pc" name="test_offset_isotropic_matches_the_noncentral_chi_square[210.0-0.01-0.5]" time="0.003" /><testcase classname="tests.test_pc" name="test_offset_isotropic_matches_the_noncentral_chi_square[210.0-0.01-1.0]" time="0.003" /><testcase classname="tests.test_pc" name="test_offset_isotropic_matches_the_noncentral_chi_square[210.0-0.01-2.0]" time="0.003" /><testcase classname="tests.test_pc" name="test_offset_isotropic_matches_the_noncentral_chi_square[210.0-0.01-3.0]" time="0.004" /><testcase classname="tests.test_pc" name="test_offset_isotropic_matches_the_noncentral_chi_square[210.0-0.01-5.0]" time="0.003" /><testcase classname="tests.test_pc" name="test_offset_isotropic_matches_the_noncentral_chi_square[210.0-0.1-0.0]" time="0.003" /><testcase classname="tests.test_pc" name="test_offset_isotropic_matches_the_noncentral_chi_square[210.0-0.1-0.5]" time="0.003" /><testcase classname="tests.test_pc" name="test_offset_isotropic_matches_the_noncentral_chi_square[210.0-0.1-1.0]" time="0.003" /><testcase classname="tests.test_pc" name="test_offset_isotropic_matches_the_noncentral_chi_square[210.0-0.1-2.0]" time="0.003" /><testcase classname="tests.test_pc" name="test_offset_isotropic_matches_the_noncentral_chi_square[210.0-0.1-3.0]" time="0.003" /><testcase classname="tests.test_pc" name="test_offset_isotropic_matches_the_noncentral_chi_square[210.0-0.1-5.0]" time="0.004" /><testcase classname="tests.test_pc" name="test_offset_isotropic_matches_the_noncentral_chi_square[210.0-0.5-0.0]" time="0.004" /><testcase classname="tests.test_pc" name="test_offset_isotropic_matches_the_noncentral_chi_square[210.0-0.5-0.5]" time="0.003" /><testcase classname="tests.test_pc" name="test_offset_isotropic_matches_the_noncentral_chi_square[210.0-0.5-1.0]" time="0.003" /><testcase classname="tests.test_pc" name="test_offset_isotropic_matches_the_noncentral_chi_square[210.0-0.5-2.0]" time="0.004" /><testcase classname="tests.test_pc" name="test_offset_isotropic_matches_the_noncentral_chi_square[210.0-0.5-3.0]" time="0.004" /><testcase classname="tests.test_pc" name="test_offset_isotropic_matches_the_noncentral_chi_square[210.0-0.5-5.0]" time="0.004" /><testcase classname="tests.test_pc" name="test_offset_isotropic_matches_the_noncentral_chi_square[210.0-1.0-0.0]" time="0.004" /><testcase classname="tests.test_pc" name="test_offset_isotropic_matches_the_noncentral_chi_square[210.0-1.0-0.5]" time="0.004" /><testcase classname="tests.test_pc" name="test_offset_isotropic_matches_the_noncentral_chi_square[210.0-1.0-1.0]" time="0.003" /><testcase classname="tests.test_pc" name="test_offset_isotropic_matches_the_noncentral_chi_square[210.0-1.0-2.0]" time="0.004" /><testcase classname="tests.test_pc" name="test_offset_isotropic_matches_the_noncentral_chi_square[210.0-1.0-3.0]" time="0.003" /><testcase classname="tests.test_pc" name="test_offset_isotropic_matches_the_noncentral_chi_square[210.0-1.0-5.0]" time="0.004" /><testcase classname="tests.test_pc" name="test_foster_and_alfano_reproduce_brute_force_quadrature[0.3-0.05-20.0-miss0-0.03]" time="0.048" /><testcase classname="tests.test_pc" name="test_foster_and_alfano_reproduce_brute_force_quadrature[1.0-0.1-70.0-miss1-0.08]" time="0.054" /><testcase classname="tests.test_pc" name="test_foster_and_alfano_reproduce_brute_force_quadrature[2.0-0.2-0.0-miss2-0.05]" time="0.043" /><testcase classname="tests.test_pc" name="test_foster_and_alfano_reproduce_brute_force_quadrature[0.5-0.5-45.0-miss3-0.4]" time="0.044" /><testcase classname="tests.test_pc" name="test_foster_and_alfano_reproduce_brute_force_quadrature[0.4-0.02-135.0-miss4-0.02]" time="0.055" /><testcase classname="tests.test_pc" name="test_foster_and_alfano_agree_within_one_percent[0.0-0.1-0.0-1.0]" time="0.003" /><testcase classname="tests.test_pc" name="test_foster_and_alfano_agree_within_one_percent[0.0-0.1-0.0-3.0]" time="0.003" /><testcase classname="tests.test_pc" name="test_foster_and_alfano_agree_within_one_percent[0.0-0.1-0.0-10.0]" time="0.003" /><testcase classname="tests.test_pc" name="test_foster_and_alfano_agree_within_one_percent[0.0-0.1-0.0-30.0]" time="0.004" /><testcase classname="tests.test_pc" name="test_foster_and_alfano_agree_within_one_percent[0.0-0.1-0.0-100.0]" time="0.003" /><testcase classname="tests.test_pc" name="test_foster_and_alfano_agree_within_one_percent[0.0-0.1-30.0-1.0]" time="0.004" /><testcase classname="tests.test_pc" name="test_foster_and_alfano_agree_within_one_percent[0.0-0.1-30.0-3.0]" time="0.003" /><testcase classname="tests.test_pc" name="test_foster_and_alfano_agree_within_one_percent[0.0-0.1-30.0-10.0]" time="0.003" /><testcase classname="tests.test_pc" name="test_foster_and_alfano_agree_within_one_percent[0.0-0.1-30.0-30.0]" time="0.004" /><testcase classname="tests.test_pc" name="test_foster_and_alfano_agree_within_one_percent[0.0-0.1-30.0-100.0]" time="0.003" /><testcase classname="tests.test_pc" name="test_foster_and_alfano_agree_within_one_percent[0.0-0.1-90.0-1.0]" time="0.004" /><testcase classname="tests.test_pc" name="test_foster_and_alfano_agree_within_one_percent[0.0-0.1-90.0-3.0]" time="0.003" /><testcase classname="tests.test_pc" name="test_foster_and_alfano_agree_within_one_percent[0.0-0.1-90.0-10.0]" time="0.003" /><testcase classname="tests.test_pc" name="test_foster_and_alfano_agree_within_one_percent[0.0-0.1-90.0-30.0]" time="0.003" /><testcase classname="tests.test_pc" name="test_foster_and_alfano_agree_within_one_percent[0.0-0.1-90.0-100.0]" time="0.003" /><testcase classname="tests.test_pc" name="test_foster_and_alfano_agree_within_one_percent[1.0-0.1-0.0-1.0]" time="0.002" /><testcase classname="tests.test_pc" name="test_foster_and_alfano_agree_within_one_percent[1.0-0.1-0.0-3.0]" time="0.003" /><testcase classname="tests.test_pc" name="test_foster_and_alfano_agree_within_one_percent[1.0-0.1-0.0-10.0]" time="0.002" /><testcase classname="tests.test_pc" name="test_foster_and_alfano_agree_within_one_percent[1.0-0.1-0.0-30.0]" time="0.003" /><testcase classname="tests.test_pc" name="test_foster_and_alfano_agree_within_one_percent[1.0-0.1-0.0-100.0]" time="0.003" /><testcase classname="tests.test_pc" name="test_foster_and_alfano_agree_within_one_percent[1.0-0.1-30.0-1.0]" time="0.004" /><testcase classname="tests.test_pc" name="test_foster_and_alfano_agree_within_one_percent[1.0-0.1-30.0-3.0]" time="0.003" /><testcase classname="tests.test_pc" name="test_foster_and_alfano_agree_within_one_percent[1.0-0.1-30.0-10.0]" time="0.003" /><testcase classname="tests.test_pc" name="test_foster_and_alfano_agree_within_one_percent[1.0-0.1-30.0-30.0]" time="0.003" /><testcase classname="tests.test_pc" name="test_foster_and_alfano_agree_within_one_percent[1.0-0.1-30.0-100.0]" time="0.004" /><testcase classname="tests.test_pc" name="test_foster_and_alfano_agree_within_one_percent[1.0-0.1-90.0-1.0]" time="0.004" /><testcase classname="tests.test_pc" name="test_foster_and_alfano_agree_within_one_percent[1.0-0.1-90.0-3.0]" time="0.004" /><testcase classname="tests.test_pc" name="test_foster_and_alfano_agree_within_one_percent[1.0-0.1-90.0-10.0]" time="0.004" /><testcase classname="tests.test_pc" name="test_foster_and_alfano_agree_within_one_percent[1.0-0.1-90.0-30.0]" time="0.004" /><testcase classname="tests.test_pc" name="test_foster_and_alfano_agree_within_one_percent[1.0-0.1-90.0-100.0]" time="0.003" /><testcase classname="tests.test_pc" name="test_foster_and_alfano_agree_within_one_percent[3.0-0.5-0.0-1.0]" time="0.003" /><testcase classname="tests.test_pc" name="test_foster_and_alfano_agree_within_one_percent[3.0-0.5-0.0-3.0]" time="0.004" /><testcase classname="tests.test_pc" name="test_foster_and_alfano_agree_within_one_percent[3.0-0.5-0.0-10.0]" time="0.003" /><testcase classname="tests.test_pc" name="test_foster_and_alfano_agree_within_one_percent[3.0-0.5-0.0-30.0]" time="0.002" /><testcase classname="tests.test_pc" name="test_foster_and_alfano_agree_within_one_percent[3.0-0.5-0.0-100.0]" time="0.003" /><testcase classname="tests.test_pc" name="test_foster_and_alfano_agree_within_one_percent[3.0-0.5-30.0-1.0]" time="0.002" /><testcase classname="tests.test_pc" name="test_foster_and_alfano_agree_within_one_percent[3.0-0.5-30.0-3.0]" time="0.003" /><testcase classname="tests.test_pc" name="test_foster_and_alfano_agree_within_one_percent[3.0-0.5-30.0-10.0]" time="0.003" /><testcase classname="tests.test_pc" name="test_foster_and_alfano_agree_within_one_percent[3.0-0.5-30.0-30.0]" time="0.003" /><testcase classname="tests.test_pc" name="test_foster_and_alfano_agree_within_one_percent[3.0-0.5-30.0-100.0]" time="0.002" /><testcase classname="tests.test_pc" name="test_foster_and_alfano_agree_within_one_percent[3.0-0.5-90.0-1.0]" time="0.003" /><testcase classname="tests.test_pc" name="test_foster_and_alfano_agree_within_one_percent[3.0-0.5-90.0-3.0]" time="0.003" /><testcase classname="tests.test_pc" name="test_foster_and_alfano_agree_within_one_percent[3.0-0.5-90.0-10.0]" time="0.003" /><testcase classname="tests.test_pc" name="test_foster_and_alfano_agree_within_one_percent[3.0-0.5-90.0-30.0]" time="0.003" /><testcase classname="tests.test_pc" name="test_foster_and_alfano_agree_within_one_percent[3.0-0.5-90.0-100.0]" time="0.003" /><testcase classname="tests.test_pc" name="test_foster_and_alfano_agree_within_one_percent[2.0-1.0-0.0-1.0]" time="0.003" /><testcase classname="tests.test_pc" name="test_foster_and_alfano_agree_within_one_percent[2.0-1.0-0.0-3.0]" time="0.003" /><testcase classname="tests.test_pc" name="test_foster_and_alfano_agree_within_one_percent[2.0-1.0-0.0-10.0]" time="0.002" /><testcase classname="tests.test_pc" name="test_foster_and_alfano_agree_within_one_percent[2.0-1.0-0.0-30.0]" time="0.002" /><testcase classname="tests.test_pc" name="test_foster_and_alfano_agree_within_one_percent[2.0-1.0-0.0-100.0]" time="0.002" /><testcase classname="tests.test_pc" name="test_foster_and_alfano_agree_within_one_percent[2.0-1.0-30.0-1.0]" time="0.003" /><testcase classname="tests.test_pc" name="test_foster_and_alfano_agree_within_one_percent[2.0-1.0-30.0-3.0]" time="0.003" /><testcase classname="tests.test_pc" name="test_foster_and_alfano_agree_within_one_percent[2.0-1.0-30.0-10.0]" time="0.003" /><testcase classname="tests.test_pc" name="test_foster_and_alfano_agree_within_one_percent[2.0-1.0-30.0-30.0]" time="0.003" /><testcase classname="tests.test_pc" name="test_foster_and_alfano_agree_within_one_percent[2.0-1.0-30.0-100.0]" time="0.003" /><testcase classname="tests.test_pc" name="test_foster_and_alfano_agree_within_one_percent[2.0-1.0-90.0-1.0]" time="0.002" /><testcase classname="tests.test_pc" name="test_foster_and_alfano_agree_within_one_percent[2.0-1.0-90.0-3.0]" time="0.003" /><testcase classname="tests.test_pc" name="test_foster_and_alfano_agree_within_one_percent[2.0-1.0-90.0-10.0]" time="0.002" /><testcase classname="tests.test_pc" name="test_foster_and_alfano_agree_within_one_percent[2.0-1.0-90.0-30.0]" time="0.003" /><testcase classname="tests.test_pc" name="test_foster_and_alfano_agree_within_one_percent[2.0-1.0-90.0-100.0]" time="0.002" /><testcase classname="tests.test_pc" name="test_foster_and_alfano_agree_within_one_percent[6.0-0.05-0.0-1.0]" time="0.003" /><testcase classname="tests.test_pc" name="test_foster_and_alfano_agree_within_one_percent[6.0-0.05-0.0-3.0]" time="0.002" /><testcase classname="tests.test_pc" name="test_foster_and_alfano_agree_within_one_percent[6.0-0.05-0.0-10.0]" time="0.002" /><testcase classname="tests.test_pc" name="test_foster_and_alfano_agree_within_one_percent[6.0-0.05-0.0-30.0]" time="0.003" /><testcase classname="tests.test_pc" name="test_foster_and_alfano_agree_within_one_percent[6.0-0.05-0.0-100.0]" time="0.003" /><testcase classname="tests.test_pc" name="test_foster_and_alfano_agree_within_one_percent[6.0-0.05-30.0-1.0]" time="0.003" /><testcase classname="tests.test_pc" name="test_foster_and_alfano_agree_within_one_percent[6.0-0.05-30.0-3.0]" time="0.003" /><testcase classname="tests.test_pc" name="test_foster_and_alfano_agree_within_one_percent[6.0-0.05-30.0-10.0]" time="0.002" /><testcase classname="tests.test_pc" name="test_foster_and_alfano_agree_within_one_percent[6.0-0.05-30.0-30.0]" time="0.002" /><testcase classname="tests.test_pc" name="test_foster_and_alfano_agree_within_one_percent[6.0-0.05-30.0-100.0]" time="0.002" /><testcase classname="tests.test_pc" name="test_foster_and_alfano_agree_within_one_percent[6.0-0.05-90.0-1.0]" time="0.002" /><testcase classname="tests.test_pc" name="test_foster_and_alfano_agree_within_one_percent[6.0-0.05-90.0-3.0]" time="0.002" /><testcase classname="tests.test_pc" name="test_foster_and_alfano_agree_within_one_percent[6.0-0.05-90.0-10.0]" time="0.002" /><testcase classname="tests.test_pc" name="test_foster_and_alfano_agree_within_one_percent[6.0-0.05-90.0-30.0]" time="0.002" /><testcase classname="tests.test_pc" name="test_foster_and_alfano_agree_within_one_percent[6.0-0.05-90.0-100.0]" time="0.003" /><testcase classname="tests.test_pc" name="test_foster_and_alfano_agree_within_one_percent[0.3-2.0-0.0-1.0]" time="0.002" /><testcase classname="tests.test_pc" name="test_foster_and_alfano_agree_within_one_percent[0.3-2.0-0.0-3.0]" time="0.002" /><testcase classname="tests.test_pc" name="test_foster_and_alfano_agree_within_one_percent[0.3-2.0-0.0-10.0]" time="0.002" /><testcase classname="tests.test_pc" name="test_foster_and_alfano_agree_within_one_percent[0.3-2.0-0.0-30.0]" time="0.002" /><testcase classname="tests.test_pc" name="test_foster_and_alfano_agree_within_one_percent[0.3-2.0-0.0-100.0]" time="0.003" /><testcase classname="tests.test_pc" name="test_foster_and_alfano_agree_within_one_percent[0.3-2.0-30.0-1.0]" time="0.002" /><testcase classname="tests.test_pc" name="test_foster_and_alfano_agree_within_one_percent[0.3-2.0-30.0-3.0]" time="0.003" /><testcase classname="tests.test_pc" name="test_foster_and_alfano_agree_within_one_percent[0.3-2.0-30.0-10.0]" time="0.004" /><testcase classname="tests.test_pc" name="test_foster_and_alfano_agree_within_one_percent[0.3-2.0-30.0-30.0]" time="0.003" /><testcase classname="tests.test_pc" name="test_foster_and_alfano_agree_within_one_percent[0.3-2.0-30.0-100.0]" time="0.003" /><testcase classname="tests.test_pc" name="test_foster_and_alfano_agree_within_one_percent[0.3-2.0-90.0-1.0]" time="0.003" /><testcase classname="tests.test_pc" name="test_foster_and_alfano_agree_within_one_percent[0.3-2.0-90.0-3.0]" time="0.003" /><testcase classname="tests.test_pc" name="test_foster_and_alfano_agree_within_one_percent[0.3-2.0-90.0-10.0]" time="0.003" /><testcase classname="tests.test_pc" name="test_foster_and_alfano_agree_within_one_percent[0.3-2.0-90.0-30.0]" time="0.003" /><testcase classname="tests.test_pc" name="test_foster_and_alfano_agree_within_one_percent[0.3-2.0-90.0-100.0]" time="0.003" /><testcase classname="tests.test_pc" name="test_chan_matches_where_the_disc_is_small_and_drifts_where_it_is_not[0.0-1.0]" time="0.003" /><testcase classname="tests.test_pc" name="test_chan_matches_where_the_disc_is_small_and_drifts_where_it_is_not[0.0-3.0]" time="0.002" /><testcase classname="tests.test_pc" name="test_chan_matches_where_the_disc_is_small_and_drifts_where_it_is_not[0.0-10.0]" time="0.002" /><testcase classname="tests.test_pc" name="test_chan_matches_where_the_disc_is_small_and_drifts_where_it_is_not[0.0-30.0]" time="0.002" /><testcase classname="tests.test_pc" name="test_chan_matches_where_the_disc_is_small_and_drifts_where_it_is_not[1.0-1.0]" time="0.002" /><testcase classname="tests.test_pc" name="test_chan_matches_where_the_disc_is_small_and_drifts_where_it_is_not[1.0-3.0]" time="0.003" /><testcase classname="tests.test_pc" name="test_chan_matches_where_the_disc_is_small_and_drifts_where_it_is_not[1.0-10.0]" time="0.003" /><testcase classname="tests.test_pc" name="test_chan_matches_where_the_disc_is_small_and_drifts_where_it_is_not[1.0-30.0]" time="0.002" /><testcase classname="tests.test_pc" name="test_chan_matches_where_the_disc_is_small_and_drifts_where_it_is_not[3.0-1.0]" time="0.002" /><testcase classname="tests.test_pc" name="test_chan_matches_where_the_disc_is_small_and_drifts_where_it_is_not[3.0-3.0]" time="0.002" /><testcase classname="tests.test_pc" name="test_chan_matches_where_the_disc_is_small_and_drifts_where_it_is_not[3.0-10.0]" time="0.002" /><testcase classname="tests.test_pc" name="test_chan_matches_where_the_disc_is_small_and_drifts_where_it_is_not[3.0-30.0]" time="0.002" /><testcase classname="tests.test_pc" name="test_chan_far_out_underflows_to_zero_not_nan" time="0.001" /><testcase classname="tests.test_pc" name="test_scale_sweep_finds_the_dilution_maximum" time="0.072" /><testcase classname="tests.test_pc" name="test_scale_sweep_when_the_uncertainty_is_already_too_large_or_too_small" time="0.159" /><testcase classname="tests.test_pc" name="test_flags_use_the_iss_thresholds" time="0.001" /><testcase classname="tests.test_pc" name="test_region_is_dilution_below_a_scale_of_one_and_carries_the_confidence" time="0.001" /><testcase classname="tests.test_pc" name="test_the_dilution_region_is_where_shrinking_the_covariance_would_raise_the_probability" time="0.149" /><testcase classname="tests.test_pc" name="test_encounter_plane_axes_are_orthonormal_and_perpendicular_to_the_relative_velocity" time="0.002" /><testcase classname="tests.test_pc" name="test_ric_covariance_rotates_to_teme_as_a_similarity_transform" time="0.001" /><testcase classname="tests.test_pc" name="test_principal_axes_diagonalise_the_covariance" time="0.001" /><testcase classname="tests.test_pc" name="test_slow_encounters_are_flagged_by_relative_speed_not_by_a_large_covariance" time="0.001" /><testcase classname="tests.test_precise" name="test_parse_sp3_reads_km_and_dm_per_second_and_drops_the_absent_epoch" time="0.004" /><testcase classname="tests.test_precise" name="test_sp3_epochs_in_gps_time_are_moved_to_utc" time="0.005" /><testcase classname="tests.test_precise" name="test_pod_file_for_day_takes_the_file_ending_that_day_at_its_newest_version" time="0.001" /><testcase classname="tests.test_precise" name="test_the_precise_orbit_interpolates_to_centimetres_and_keeps_a_gap_a_gap" time="0.006" /><testcase classname="tests.test_precise" name="test_the_in_track_residual_is_positive_when_the_satellite_is_ahead_of_the_set" time="0.001" /><testcase classname="tests.test_precise" name="test_trial_coverage_uses_truth_basis_sigmas" time="0.007" /><testcase classname="tests.test_precise" name="test_summarise_counts_one_trial_per_set_excludes_gaps_and_burns_and_states_the_horizon" time="0.029" /><testcase classname="tests.test_precise" name="test_horizon_does_not_resume_after_an_earlier_tolerance_breach" time="0.027" /><testcase classname="tests.test_precise" name="test_the_manoeuvre_detector_flags_a_step_in_the_orbit_mean_semi_major_axis" time="0.013" /><testcase classname="tests.test_precise" name="test_the_held_out_window_is_held_out_and_the_windows_do_not_overlap" time="0.001" /><testcase classname="tests.test_precise" name="test_thruster_intervals_separate_orbit_control_thrust_from_attitude_pulses" time="0.003" /><testcase classname="tests.test_precise" name="test_an_unknown_ephemeris_frame_is_refused_by_name" time="0.001" /><testcase classname="tests.test_precise" name="test_a_trial_against_a_truth_built_from_its_own_set_has_no_residual_and_the_record_excludes_it" time="0.050" /><testcase classname="tests.test_precise" name="test_post_burn_fits_tell_a_re_epoched_pre_burn_set_from_one_fitted_after_the_burn" time="0.167" /><testcase classname="tests.test_propagator" name="test_omm_initialisation_matches_tle_initialisation" time="0.022" /><testcase classname="tests.test_propagator" name="test_mean_orbit_geometry_is_sensible" time="0.001" /><testcase classname="tests.test_propagator" name="test_invalid_elements_give_error_code_and_nan" time="0.001" /><testcase classname="tests.test_propagator" name="test_a_placeholder_id_past_the_alpha5_range_still_propagates" time="0.001" /><testcase classname="tests.test_provenance" name="test_a_sound_run_passes_and_reports_its_snapshots_age" time="0.131" /><testcase classname="tests.test_provenance" name="test_the_shadowed_variable_bug_is_caught_both_ways" time="0.147" /><testcase classname="tests.test_provenance" name="test_a_stale_snapshot_is_a_problem_only_past_the_limit" time="0.129" /><testcase classname="tests.test_provenance" name="test_a_missing_snapshot_is_a_problem" time="0.097" /><testcase classname="tests.test_provenance" name="test_an_unscored_run_is_a_problem" time="0.105" /><testcase classname="tests.test_provenance" name="test_an_unstored_supplemental_version_warns_but_does_not_fail" time="0.120" /><testcase classname="tests.test_provenance" name="test_snapshot_problem_names_what_is_wrong_with_a_file" time="0.012" /><testcase classname="tests.test_provenance" name="test_the_age_comes_from_the_data_so_a_rename_cannot_fake_freshness" time="0.129" /><testcase classname="tests.test_publication_contract" name="test_paper_has_only_bound_figures_and_matches_current_evidence" time="0.367" /><testcase classname="tests.test_publication_contract" name="test_covariance_amendment_recomputes_only_sigmas_and_component_membership" time="0.484" /><testcase classname="tests.test_publication_contract" name="test_frozen_september_result_bytes_remain_bound_to_completion_manifest" time="0.003" /><testcase classname="tests.test_publication_contract" name="test_publication_inputs_and_method_sources_match_the_bound_hashes" time="0.392" /><testcase classname="tests.test_publication_contract" name="test_all_generated_tables_match_the_canonical_object" time="1.367" /><testcase classname="tests.test_publication_contract" name="test_public_claims_bind_result_hashes_denominators_and_rendered_consumers" time="0.651" /><testcase classname="tests.test_publication_contract" name="test_root_readme_horizons_render_from_manifest_with_v2_brackets" time="0.024" /><testcase classname="tests.test_publication_contract" name="test_paper_horizon_order_and_restored_publication_sections" time="0.330" /><testcase classname="tests.test_radio" name="test_beam_width_is_mauch_at_1500_mhz_and_scales_with_wavelength" time="0.001" /><testcase classname="tests.test_radio" name="test_angular_error_is_residual_over_range_for_small_angles" time="0.001" /><testcase classname="tests.test_radio" name="test_meerkat_site_is_the_published_array_centre" time="0.001" /><testcase classname="tests.test_radio" name="test_declared_in_band_follows_the_receiver_and_the_direction" time="0.001" /><testcase classname="tests.test_radio" name="test_emission_status_names_the_reason" time="0.001" /><testcase classname="tests.test_radio" name="test_constellation_of_reads_names_and_glonass_by_orbit" time="0.001" /><testcase classname="tests.test_radio" name="test_the_direct_to_cell_order_is_recorded_verbatim_and_labelled" time="0.001" /><testcase classname="tests.test_radio" name="test_every_emission_row_carries_a_source_and_a_status" time="0.001" /><testcase classname="tests.test_radio" name="test_horizon_table_fraction_is_one_when_cross_track_is_inside_a_third_of_the_beam" time="0.014" /><testcase classname="tests.test_radio" name="test_horizon_table_fraction_is_zero_when_cross_track_exceeds_a_third_of_the_beam" time="0.012" /><testcase classname="tests.test_radio" name="test_component_diagnostics_do_not_claim_crossing_or_position_accuracy" time="0.062" /><testcase classname="tests.test_radio" name="test_lead_bin_is_the_smallest_lead_at_or_beyond_the_age" time="0.001" /><testcase classname="tests.test_radio" name="test_component_diagnostic_projects_the_residual_onto_the_sky" time="0.006" /><testcase classname="tests.test_radio" name="test_population_label_requires_identity_scope_and_measured_age" time="0.001" /><testcase classname="tests.test_radio" name="test_a_position_placed_on_the_boresight_is_seen_on_the_boresight" time="0.010" /><testcase classname="tests.test_radio" name="test_sky_projection_is_one_across_and_zero_along_the_line_of_sight" time="0.001" /><testcase classname="tests.test_radio" name="test_beam_crossings_finds_a_satellite_built_to_cross_the_boresight" time="0.104" /><testcase classname="tests.test_radio" name="test_beam_crossings_reports_nothing_when_the_dish_points_away" time="0.072" /><testcase classname="tests.test_radio" name="test_an_object_outside_the_benchmark_population_has_unsupported_accuracy" time="0.105" /><testcase classname="tests.test_radio" name="test_observation_csv_reads_sexagesimal_and_degrees" time="0.006" /><testcase classname="tests.test_radio" name="test_observation_csv_refuses_a_missing_column" time="0.011" /><testcase classname="tests.test_radio" name="test_satchecker_export_has_the_documented_shape_and_the_added_fields" time="0.152" /><testcase classname="tests.test_radio" name="test_radio_band_evidence_separates_publication_from_unknown_operation_dates" time="0.001" /><testcase classname="tests.test_radio" name="test_qualified_reference_estimate_has_scope_version_hash_and_counts" time="0.109" /><testcase classname="tests.test_radio" name="test_the_last_detected_manoeuvre_is_reported_with_the_fit_arc_flag" time="0.077" /><testcase classname="tests.test_radio" name="test_period_report_states_population_products_and_limits" time="0.011" /><testcase classname="tests.test_radio_archive" name="test_token_comes_from_the_environment_only_and_is_masked" time="0.001" /><testcase classname="tests.test_radio_archive" name="test_throttle_keeps_requests_two_seconds_apart" time="0.001" /><testcase classname="tests.test_radio_archive" name="test_client_pages_the_documented_query_and_refreshes_a_rejected_token" time="0.003" /><testcase classname="tests.test_radio_archive" name="test_client_refuses_after_a_refresh_that_does_not_help" time="2.002" /><testcase classname="tests.test_radio_archive" name="test_katpoint_targets_are_parsed_and_special_targets_are_not" time="0.001" /><testcase classname="tests.test_radio_archive" name="test_only_public_observations_past_the_proprietary_period_are_kept" time="0.001" /><testcase classname="tests.test_radio_archive" name="test_the_observation_csv_keeps_rows_from_other_sources_and_reads_back" time="0.028" /><testcase classname="tests.test_radio_track_benchmark" name="test_csv_guard_rejects_unknown_window_before_reading_other_columns" time="0.005" /><testcase classname="tests.test_radio_track_benchmark" name="test_progress_write_is_atomic_and_retries_transient_windows_reader" time="0.013" /><testcase classname="tests.test_radio_track_benchmark" name="test_mislabeled_september_epoch_and_target_are_rejected_before_history_read" time="0.013" /><testcase classname="tests.test_radio_track_benchmark" name="test_history_loader_uses_disjoint_filters_and_exact_joins" time="0.044" /><testcase classname="tests.test_radio_track_benchmark" name="test_measured_boundary_is_signed_and_preserves_squint_and_ellipse" time="0.002" /><testcase classname="tests.test_radio_track_benchmark" name="test_pointing_normal_subtracts_fixed_celestial_boresight_motion" time="0.114" /><testcase classname="tests.test_radio_track_benchmark" name="test_observation_clipping_matches_independent_edge_measurement" time="0.029" /><testcase classname="tests.test_radio_track_benchmark" name="test_case_summary_keeps_all_four_outcomes_clusters_and_censored_denominators" time="0.060" /><testcase classname="tests.test_radio_track_benchmark" name="test_synthetic_runner_writes_protocol_raw_curves_cases_and_denominators" time="0.180" /><testcase classname="tests.test_radio_tracks" name="test_near_misses_are_evaluated_in_both_directions" time="0.013" /><testcase classname="tests.test_radio_tracks" name="test_entry_exit_and_observation_edge_timing_are_separate_from_full_track_geometry" time="0.013" /><testcase classname="tests.test_radio_tracks" name="test_interpolation_cadence_converges_for_a_short_grazing_passage" time="0.016" /><testcase classname="tests.test_radio_tracks" name="test_search_span_censors_boundary_intervals_and_refuses_extrapolation" time="0.010" /><testcase classname="tests.test_radio_tracks" name="test_pure_orbital_phase_delay_can_miss_a_fixed_beam_when_observer_rotates" time="0.009" /><testcase classname="tests.test_radio_tracks" name="test_full_teme_transform_preserves_all_components_and_subtracts_rotating_observer" time="0.005" /><testcase classname="tests.test_radio_tracks" name="test_measured_jones_response_uses_cross_polarization_and_published_vertical_flip" time="0.021" /><testcase classname="tests.test_radio_tracks" name="test_measured_diametric_width_recovers_rotated_elliptical_half_power_cuts" time="0.313" /><testcase classname="tests.test_radio_tracks" name="test_primary_scalar_columns_above_3ghz_require_measured_width_and_actual_channel" time="0.003" /><testcase classname="tests.test_reference" name="test_every_mission_has_a_truth_or_a_laser_target_and_the_bands_cover_them" time="0.001" /><testcase classname="tests.test_reference" name="test_the_fourth_window_is_disturbed_held_out_and_after_the_tuning_windows" time="0.001" /><testcase classname="tests.test_reference" name="test_ids_file_names_are_read_and_the_newest_version_of_each_span_is_chosen" time="0.001" /><testcase classname="tests.test_reference" name="test_sentinel_1_orbit_file_is_the_one_starting_the_evening_before_and_parses" time="0.002" /><testcase classname="tests.test_reference" name="test_gracefo_navigation_and_thruster_products_are_read_in_utc" time="0.007" /><testcase classname="tests.test_reference" name="test_crd_normal_points_carry_their_session_and_cross_midnight" time="0.002" /><testcase classname="tests.test_reference" name="test_station_solutions_and_eccentricities_give_the_optical_reference_point_at_a_date" time="0.001" /><testcase classname="tests.test_reference" name="test_marini_murray_zenith_delay_is_about_two_and_a_half_metres_at_sea_level" time="0.001" /><testcase classname="tests.test_reference" name="test_the_range_model_recovers_a_satellite_placed_a_thousand_kilometres_overhead" time="0.078" /><testcase classname="tests.test_reference" name="test_mean_altitude_from_mean_motion_and_the_summary_shape" time="0.157" /><testcase classname="tests.test_reference" name="test_the_post_burn_table_reads_the_first_sets_after_a_burn_against_cadence_and_delay" time="0.015" /><testcase classname="tests.test_reference_record_gate" name="test_detector_crosscheck_reports_each_missed_record_and_unmatched_detection" time="0.001" /><testcase classname="tests.test_reference_record_gate" name="test_reference_stops_before_fitting_when_record_coverage_is_unavailable[False-missing0]" time="0.001" /><testcase classname="tests.test_reference_record_gate" name="test_reference_stops_before_fitting_when_record_coverage_is_unavailable[True-missing1]" time="0.001" /><testcase classname="tests.test_replay" name="test_screen_offline_replays_archive_events_and_flag_tally" time="0.527" /><testcase classname="tests.test_replay" name="test_replay_refuses_missing_or_changed_inputs[missing]" time="0.263" /><testcase classname="tests.test_replay" name="test_replay_refuses_missing_or_changed_inputs[count]" time="0.313" /><testcase classname="tests.test_replay" name="test_replay_refuses_missing_or_changed_inputs[served]" time="0.262" /><testcase classname="tests.test_replay" name="test_replay_refuses_missing_or_changed_inputs[overwrite]" time="0.226" /><testcase classname="tests.test_report" name="test_cumulative_probability_is_the_complement_product" time="0.001" /><testcase classname="tests.test_report" name="test_collapse_pairs_keeps_the_count_the_closest_and_the_worst" time="0.009" /><testcase classname="tests.test_report" name="test_detail_pairs_keeps_the_flagged_and_the_boxed_whatever_the_limit" time="0.011" /><testcase classname="tests.test_report" name="test_report_separates_the_dilution_flags_and_calls_them_not_actionable" time="0.249" /><testcase classname="tests.test_report" name="test_report_marks_a_dilution_red_as_low_confidence_everywhere_it_appears" time="0.013" /><testcase classname="tests.test_report" name="test_the_public_bundle_names_the_fleet_member" time="0.057" /><testcase classname="tests.test_report" name="test_bundle_carries_pairs_events_and_tracks_that_match_the_stored_states" time="0.060" /><testcase classname="tests.test_report" name="test_bundle_json_is_finite_and_serialisable" time="0.032" /><testcase classname="tests.test_report" name="test_the_bundles_storm_summary_counts_the_whole_scenario_not_the_detailed_events" time="0.270" /><testcase classname="tests.test_report" name="test_the_overlay_columns_are_parallel_to_the_bundle_it_was_built_from" time="0.055" /><testcase classname="tests.test_report" name="test_sample_tracks_refuses_an_object_it_has_no_elements_for" time="0.007" /><testcase classname="tests.test_report" name="test_the_report_command_rebuilds_a_stored_run_from_what_it_recorded" time="0.353" /><testcase classname="tests.test_report" name="test_the_default_scenario_is_quiet_wherever_it_was_scored" time="0.001" /><testcase classname="tests.test_ric" name="test_circular_equatorial_orbit_axes" time="0.001" /><testcase classname="tests.test_ric" name="test_orthonormal_and_right_handed_for_random_states" time="0.001" /><testcase classname="tests.test_ric" name="test_in_track_is_velocity_direction_only_when_circular" time="0.001" /><testcase classname="tests.test_ric" name="test_relative_ric_of_an_in_track_offset" time="0.001" /><testcase classname="tests.test_ric" name="test_degenerate_state_gives_nan_not_an_exception" time="0.001" /><testcase classname="tests.test_ric" name="test_anisotropic_covariance_transport_preserves_physical_ellipsoid" time="0.001" /><testcase classname="tests.test_scenario" name="test_run_risk_reproduces_the_closed_form_through_the_whole_chain" time="0.135" /><testcase classname="tests.test_scenario" name="test_rescoring_changes_the_probabilities_and_not_the_geometry" time="0.029" /><testcase classname="tests.test_scenario" name="test_run_directory_round_trip_and_the_joined_export" time="0.309" /><testcase classname="tests.test_scenario" name="test_hard_body_radius_rules" time="0.001" /><testcase classname="tests.test_scenario" name="test_hard_body_radii_are_rebaselined_over_a_stored_run" time="0.004" /><testcase classname="tests.test_scenario" name="test_objects_table_priors_and_promotion" time="0.016" /><testcase classname="tests.test_scenario" name="test_screen_and_risk_commands_end_to_end" time="1.304" /><testcase classname="tests.test_screening" name="test_designed_conjunction_recovered_to_a_second_and_a_metre[3.0-60.0-30.0-1.0]" time="0.051" /><testcase classname="tests.test_screening" name="test_designed_conjunction_recovered_to_a_second_and_a_metre[0.5-90.0-0.0-1.003]" time="0.046" /><testcase classname="tests.test_screening" name="test_designed_conjunction_recovered_to_a_second_and_a_metre[20.0-10.0-90.0-0.998]" time="0.051" /><testcase classname="tests.test_screening" name="test_designed_conjunction_recovered_to_a_second_and_a_metre[24.0-170.0-200.0-1.0]" time="0.045" /><testcase classname="tests.test_screening" name="test_box_and_watch_radius_are_judged_separately[2.5-0.0-False-True]" time="0.042" /><testcase classname="tests.test_screening" name="test_box_and_watch_radius_are_judged_separately[25.455844122715714-90.0-True-False]" time="0.043" /><testcase classname="tests.test_screening" name="test_box_and_watch_radius_are_judged_separately[1.0-45.0-True-True]" time="0.044" /><testcase classname="tests.test_screening" name="test_stage_b_brackets_every_brute_force_minimum_and_stage_c_matches_it" time="0.521" /><testcase classname="tests.test_screening" name="test_the_guarantee_holds_at_a_coarser_step_and_fails_without_the_speed_term" time="0.037" /><testcase classname="tests.test_screening" name="test_stage_a_pad_decay_cut_stale_flag_and_self_exclusion" time="0.006" /><testcase classname="tests.test_screening" name="test_stage_a_ignores_category_and_band_labels" time="0.029" /><testcase classname="tests.test_screening" name="test_vector_root_converges_superlinearly_and_reports_failures" time="0.002" /><testcase classname="tests.test_screening" name="test_vector_minimum_finds_each_minimum" time="0.002" /><testcase classname="tests.test_screening" name="test_minimisation_fallback_agrees_with_the_root_path" time="0.036" /><testcase classname="tests.test_screening" name="test_annotate_events_sets_names_flags_and_ephemeris" time="0.028" /><testcase classname="tests.test_screening" name="test_screen_fleet_refuses_a_missing_primary" time="0.019" /><testcase classname="tests.test_screening" name="test_default_start_is_the_fetch_time_to_the_minute" time="0.018" /><testcase classname="tests.test_screening" name="test_reconstruction_start_uses_cutoff_while_retrieval_remains_unknown" time="0.020" /><testcase classname="tests.test_screening" name="test_event_ids_are_stable_and_disambiguate_the_same_minute" time="0.002" /><testcase classname="tests.test_screening" name="test_state_at_helper_matches_the_library" time="0.001" /><testcase classname="tests.test_screening" name="test_screening_on_published_states_finds_an_event_the_element_set_hides" time="0.072" /><testcase classname="tests.test_screening" name="test_an_approach_at_the_edge_of_the_published_states_is_still_found_and_flagged" time="0.059" /><testcase classname="tests.test_screening" name="test_a_break_in_the_stored_history_is_a_gap_the_base_propagator_fills" time="0.006" /><testcase classname="tests.test_screening" name="test_stage_b_still_misses_nothing_when_the_trajectory_is_the_published_one" time="0.270" /><testcase classname="tests.test_screening" name="test_stage_a_widens_a_shell_to_what_the_published_states_actually_reach" time="0.025" /><testcase classname="tests.test_screening" name="test_the_trajectory_reports_the_shell_its_states_reach" time="0.007" /><testcase classname="tests.test_screening" name="test_a_docked_object_is_excluded_structurally_and_a_real_conjunction_is_not" time="0.055" /><testcase classname="tests.test_screening" name="test_a_twin_on_the_same_element_set_is_reported_attached_though_it_produces_no_candidate" time="0.085" /><testcase classname="tests.test_screening" name="test_keep_attached_restores_the_docked_events_unchanged" time="0.084" /><testcase classname="tests.test_screening" name="test_a_pair_that_comes_apart_for_part_of_the_window_is_kept" time="0.047" /><testcase classname="tests.test_sgp4_verification" name="test_verification_file_parsed" time="0.005" /><testcase classname="tests.test_sgp4_verification" name="test_propagation_reproduces_tcppver_exactly" time="0.083" /><testcase classname="tests.test_sgp4_verification" name="test_datetime_path_agrees_to_microsecond_rounding" time="0.004" /><testcase classname="tests.test_sgp4_verification" name="test_error_codes_are_reported_not_hidden" time="0.003" /><testcase classname="tests.test_snapshot" name="test_records_to_frame_types" time="0.008" /><testcase classname="tests.test_snapshot" name="test_build_snapshot_dedupes_and_joins" time="0.073" /><testcase classname="tests.test_snapshot" name="test_build_snapshot_merges_second_source" time="0.079" /><testcase classname="tests.test_snapshot" name="test_build_snapshot_without_satcat" time="0.021" /><testcase classname="tests.test_snapshot" name="test_latest_snapshot_orders_by_stamp" time="0.040" /><testcase classname="tests.test_snapshot" name="test_a_historical_snapshot_takes_the_newest_set_before_the_date_and_nothing_after" time="0.021" /><testcase classname="tests.test_snapshot" name="test_a_historical_snapshot_drops_objects_whose_newest_set_is_too_stale" time="0.032" /><testcase classname="tests.test_snapshot" name="test_late_publication_remains_distinct_in_epoch_reconstruction" time="0.038" /><testcase classname="tests.test_snapshot" name="test_legacy_reconstruction_preserves_cutoff_without_inventing_acquisition" time="0.057" /><testcase classname="tests.test_snapshot" name="test_historical_snapshots_are_kept_out_of_the_live_listing" time="0.007" /><testcase classname="tests.test_spacetrack" name="test_credentials_are_masked_and_come_from_env" time="0.001" /><testcase classname="tests.test_spacetrack" name="test_request_builders" time="0.001" /><testcase classname="tests.test_spacetrack" name="test_login_once_then_query" time="0.002" /><testcase classname="tests.test_spacetrack" name="test_rejected_login_raises" time="0.001" /><testcase classname="tests.test_spacetrack" name="test_expired_session_logs_in_again" time="0.002" /><testcase classname="tests.test_spacetrack" name="test_rate_limiter_sleeps_at_both_windows" time="0.001" /><testcase classname="tests.test_spacetrack" name="test_catalogue_cache_floor_and_daily_cap" time="0.047" /><testcase classname="tests.test_spacetrack" name="test_outage_keeps_stale_cache_but_bad_login_does_not" time="0.012" /><testcase classname="tests.test_spacetrack" name="test_offline_uses_cache_or_fails" time="0.010" /><testcase classname="tests.test_spacetrack" name="test_history_is_chunked_and_cached_for_ever" time="0.036" /><testcase classname="tests.test_spacetrack" name="test_gp_history_request_can_restrict_the_fields" time="0.001" /><testcase classname="tests.test_spacetrack" name="test_chunk_ids_by_url_keeps_every_request_under_the_budget" time="0.009" /><testcase classname="tests.test_spacetrack" name="test_history_url_too_long_is_split_and_coverage_records_every_part[414]" time="0.049" /><testcase classname="tests.test_spacetrack" name="test_history_url_too_long_is_split_and_coverage_records_every_part[403]" time="0.048" /><testcase classname="tests.test_spacetrack" name="test_history_timeout_splits_the_request_down_to_the_minimum" time="0.015" /><testcase classname="tests.test_spacetrack" name="test_credentials_never_reach_disk_or_logs" time="0.026" /><testcase classname="tests.test_spacex" name="test_the_manifest_gives_a_norad_id_per_file" time="0.001" /><testcase classname="tests.test_spacex" name="test_the_ephemeris_parses_its_epochs_covariance_ordering_and_thins_to_the_requested_step" time="0.011" /><testcase classname="tests.test_spacex" name="test_a_covariance_in_the_wrong_frame_is_refused" time="0.002" /><testcase classname="tests.test_spacex" name="test_the_model_serves_spacex_inside_the_file_and_hands_back_outside_it" time="0.245" /><testcase classname="tests.test_spacex" name="test_the_sgp4_fit_residual_is_added_in_quadrature_by_default" time="0.239" /><testcase classname="tests.test_spacex" name="test_the_fit_residual_is_split_in_the_shape_of_the_base_models_own_floor" time="0.236" /><testcase classname="tests.test_spacex" name="test_the_store_keeps_only_the_newest_version_of_each_satellite" time="0.522" /><testcase classname="tests.test_spacex" name="test_only_the_starlink_secondaries_of_a_run_are_selected_closest_approach_first" time="0.003" /><testcase classname="tests.test_spacex" name="test_the_cross_check_puts_their_number_beside_ours_without_merging_them" time="0.217" /><testcase classname="tests.test_spacex" name="test_the_states_are_rotated_out_of_the_files_meme_frame_into_teme" time="0.011" /><testcase classname="tests.test_spacex" name="test_the_stored_grid_reproduces_the_files_own_states_to_metres" time="0.020" /><testcase classname="tests.test_spacex" name="test_a_discontinuity_splits_the_stored_history_and_no_interpolant_spans_it" time="0.030" /><testcase classname="tests.test_spacex" name="test_the_trajectory_interpolates_inside_a_segment_and_refuses_outside_it" time="0.022" /><testcase classname="tests.test_spacex" name="test_the_fit_residual_goes_per_event_not_globally" time="0.237" /><testcase classname="tests.test_spacex" name="test_the_state_store_keeps_only_the_newest_version_of_each_satellite" time="0.105" /><testcase classname="tests.test_spacex" name="test_the_same_version_fetched_twice_is_one_copy_and_a_newer_version_replaces_the_overlap" time="0.131" /><testcase classname="tests.test_spacex" name="test_the_loader_drops_a_repeated_epoch_and_splits_where_one_epoch_carries_two_states" time="0.028" /><testcase classname="tests.test_spacex" name="test_the_state_store_is_pruned_a_week_after_validity_and_each_fetch_leaves_its_summary" time="0.162" /><testcase classname="tests.test_spacex" name="test_the_frame_check_passes_on_matching_states_and_fails_on_a_rotation_error" time="0.009" /><testcase classname="tests.test_spacex" name="test_one_object_carries_the_fit_residual_on_some_events_and_not_others_end_to_end" time="0.157" /><testcase classname="tests.test_stability" name="test_a_moving_tca_is_still_one_series" time="0.138" /><testcase classname="tests.test_stability" name="test_past_the_tolerance_it_is_a_different_encounter" time="0.139" /><testcase classname="tests.test_stability" name="test_repeated_passes_of_one_pair_stay_apart" time="0.123" /><testcase classname="tests.test_stability" name="test_two_events_cannot_take_the_same_series" time="0.126" /><testcase classname="tests.test_stability" name="test_a_disappearance_is_counted_not_invented" time="0.117" /><testcase classname="tests.test_stability" name="test_reindexing_a_run_does_not_match_it_to_itself" time="0.078" /><testcase classname="tests.test_stability" name="test_the_file_holds_the_agreed_columns_and_no_event_id" time="0.061" /><testcase classname="tests.test_stability" name="test_a_run_from_before_the_trajectory_columns_is_still_indexed" time="0.061" /><testcase classname="tests.test_stability" name="test_a_scenario_the_run_did_not_score_is_refused" time="0.017" /><testcase classname="tests.test_stability" name="test_a_row_stays_narrow" time="0.105" /><testcase classname="tests.test_stability" name="test_reading_one_pair_gives_its_history_oldest_first" time="0.159" /><testcase classname="tests.test_stability" name="test_the_summary_counts_the_runs_without_reading_them" time="0.109" /><testcase classname="tests.test_stability" name="test_the_command_appends_then_reads_back" time="0.212" /><testcase classname="tests.test_storm" name="test_the_closed_form_matches_a_numerical_integration_of_the_same_orbit" time="2.664" /><testcase classname="tests.test_storm" name="test_more_drag_puts_the_object_ahead_of_its_element_set_not_behind" time="0.185" /><testcase classname="tests.test_storm" name="test_the_displacement_grows_with_the_square_of_time_and_linearly_in_everything_else" time="0.001" /><testcase classname="tests.test_storm" name="test_an_excess_early_in_the_window_displaces_far_more_than_the_same_excess_late" time="0.001" /><testcase classname="tests.test_storm" name="test_a_phase_2_model_returns_no_shift_at_all" time="0.001" /><testcase classname="tests.test_storm" name="test_the_storm_layer_adds_a_shift_in_track_and_a_variance_in_track_and_nothing_else" time="0.001" /><testcase classname="tests.test_storm" name="test_a_scenario_with_no_storm_layer_is_the_phase_2_answer_exactly" time="0.061" /><testcase classname="tests.test_storm" name="test_the_shift_moves_the_miss_and_the_probability_and_reports_both_numbers" time="0.025" /><testcase classname="tests.test_storm" name="test_the_scenario_names_are_strict_where_a_typo_would_be_invisible" time="0.001" /><testcase classname="tests.test_storm" name="test_quiet_carries_no_weather_and_therefore_no_storm_term" time="0.001" /><testcase classname="tests.test_storm" name="test_a_synthetic_storm_keeps_the_shape_of_may_2024_and_only_replaces_its_own_intervals" time="0.014" /><testcase classname="tests.test_storm" name="test_raising_ap_by_its_own_sigma_is_how_the_index_uncertainty_is_measured" time="0.005" /><testcase classname="tests.test_storm" name="test_an_object_with_no_coefficient_is_not_moved_and_the_label_says_so" time="0.019" /><testcase classname="tests.test_storm" name="test_an_extrapolated_object_makes_its_events_unscoreable_rather_than_wrong" time="0.099" /><testcase classname="tests.test_storm" name="test_the_shift_and_the_variance_are_reported_separately_as_well_as_together" time="0.023" /><testcase classname="tests.test_storm" name="test_a_weather_table_that_does_not_reach_the_oldest_epoch_fails_loudly" time="0.008" /><testcase classname="tests.test_storm_export" name="test_the_event_columns_stay_parallel_to_the_bundles_own_order" time="0.008" /><testcase classname="tests.test_storm_export" name="test_a_label_column_is_dictionary_encoded_and_round_trips" time="0.004" /><testcase classname="tests.test_storm_export" name="test_the_pair_rollup_uses_the_shifted_miss_and_the_worst_event_under_this_scenario" time="0.005" /><testcase classname="tests.test_storm_export" name="test_an_unscoreable_event_carries_null_and_its_reason_rather_than_a_small_number" time="0.009" /><testcase classname="tests.test_storm_export" name="test_the_summary_is_given_both_ways_with_combined_last_and_never_alone" time="0.016" /><testcase classname="tests.test_storm_export" name="test_the_kp_series_is_the_window_and_carries_its_provenance" time="0.003" /><testcase classname="tests.test_storm_export" name="test_a_baseline_that_does_not_reach_the_quiet_window_is_refused_rather_than_returning_nan" time="0.002" /><testcase classname="tests.test_storm_export" name="test_the_thumbnail_travels_inline_and_the_full_frame_does_not" time="0.033" /><testcase classname="tests.test_storm_export" name="test_the_eager_frames_are_the_first_the_peak_and_the_last" time="0.050" /><testcase classname="tests.test_storm_export" name="test_the_replay_window_comes_from_the_scenario_name" time="0.001" /><testcase classname="tests.test_storm_export" name="test_the_written_bundles_are_json_the_viewer_can_read" time="0.030" /><testcase classname="tests.test_storm_export" name="test_the_quiet_denominator_is_the_one_step_4_measured_against" time="0.001" /><testcase classname="tests.test_storm_validity" name="test_the_weaker_of_the_two_coefficient_sources_decides[history-history-validated]" time="0.001" /><testcase classname="tests.test_storm_validity" name="test_the_weaker_of_the_two_coefficient_sources_decides[history-bstar-indicative]" time="0.001" /><testcase classname="tests.test_storm_validity" name="test_the_weaker_of_the_two_coefficient_sources_decides[typical-history-indicative]" time="0.001" /><testcase classname="tests.test_storm_validity" name="test_the_weaker_of_the_two_coefficient_sources_decides[bstar-typical-indicative]" time="0.001" /><testcase classname="tests.test_storm_validity" name="test_the_weaker_of_the_two_coefficient_sources_decides[history-none-indicative]" time="0.001" /><testcase classname="tests.test_storm_validity" name="test_the_weaker_of_the_two_coefficient_sources_decides[none-none-none]" time="0.001" /><testcase classname="tests.test_storm_validity" name="test_the_weaker_of_the_two_coefficient_sources_decides[operator-controlled/known-history-validated]" time="0.001" /><testcase classname="tests.test_storm_validity" name="test_the_weaker_of_the_two_coefficient_sources_decides[operator-controlled/served-typical-indicative]" time="0.001" /><testcase classname="tests.test_storm_validity" name="test_the_weaker_of_the_two_coefficient_sources_decides[operator-controlled/operator-ephemeris-none-indicative]" time="0.001" /><testcase classname="tests.test_storm_validity" name="test_the_weaker_of_the_two_coefficient_sources_decides[operator-controlled/known-operator-controlled/served-operator-controlled]" time="0.001" /><testcase classname="tests.test_storm_validity" name="test_the_extrapolation_marker_is_not_a_coefficient_source" time="0.001" /><testcase classname="tests.test_storm_validity" name="test_every_risk_row_carries_the_label_and_quiet_carries_none" time="0.077" /><testcase classname="tests.test_storm_validity" name="test_the_label_changes_no_number_at_all" time="0.026" /><testcase classname="tests.test_storm_validity" name="test_the_cancellation_tables_are_reported_over_both_populations" time="0.018" /><testcase classname="tests.test_storm_validity" name="test_the_effect_split_is_reported_over_both_populations" time="0.009" /><testcase classname="tests.test_storm_validity" name="test_a_population_with_one_label_reports_it_once_and_still_reports_combined" time="0.015" /><testcase classname="tests.test_storm_validity" name="test_the_weekly_report_gives_every_storm_figure_both_ways" time="0.006" /><testcase classname="tests.test_storm_validity" name="test_the_storm_response_prior_is_still_the_untuned_symmetric_thirty_per_cent" time="0.001" /><testcase classname="tests.test_storm_validity" name="test_an_operator_controlled_object_is_not_displaced_and_cannot_make_an_event_unscoreable" time="0.061" /><testcase classname="tests.test_storm_validity" name="test_a_served_trajectory_is_recognised_from_the_label_and_gets_no_term_at_all" time="0.001" /><testcase classname="tests.test_storm_validity" name="test_the_controlled_objects_are_read_from_the_objects_table" time="0.002" /><testcase classname="tests.test_storm_validity" name="test_the_shift_summary_counts_controlled_objects_out_of_the_unscoreable_tally" time="0.002" /><testcase classname="tests.test_storm_validity" name="test_the_cancellation_split_leaves_out_events_with_a_controlled_side" time="0.017" /><testcase classname="tests.test_supplemental" name="test_fetch_uses_the_supplemental_endpoint_and_the_cache" time="0.025" /><testcase classname="tests.test_supplemental" name="test_offline_requires_cache" time="0.004" /><testcase classname="tests.test_supplemental" name="test_supplemental_frame_tolerates_missing_bookkeeping_fields" time="0.007" /><testcase classname="tests.test_supplemental" name="test_apply_substitutes_matching_fresh_records_only" time="0.035" /><testcase classname="tests.test_supplemental" name="test_apply_with_nothing_matching_is_a_no_op" time="0.035" /><testcase classname="tests.test_supplemental" name="test_every_fetched_version_is_stored_once_and_reads_back" time="0.068" /><testcase classname="tests.test_supplemental" name="test_pruning_keeps_the_recent_versions_and_one_a_day_beyond_them" time="0.109" /><testcase classname="tests.test_supplemental" name="test_a_stored_version_substitutes_the_same_way_a_fresh_fetch_does" time="0.073" /><testcase classname="tests.test_time" name="test_parse_utc_normalises[2026-09-01T12:00:00Z]" time="0.001" /><testcase classname="tests.test_time" name="test_parse_utc_normalises[2026-09-01T12:00:00+00:00]" time="0.001" /><testcase classname="tests.test_time" name="test_parse_utc_normalises[2026-09-01T14:00:00+02:00]" time="0.001" /><testcase classname="tests.test_time" name="test_parse_utc_normalises[2026-09-01 12:00:00]" time="0.001" /><testcase classname="tests.test_time" name="test_julian_date_matches_sgp4_jday" time="0.001" /><testcase classname="tests.test_time" name="test_julian_dates_vectorised_matches_scalar" time="0.001" /><testcase classname="tests.test_time" name="test_unix_microseconds_is_exact" time="0.001" /><testcase classname="tests.test_time" name="test_datetime64_roundtrip" time="0.001" /><testcase classname="tests.test_time" name="test_stamp" time="0.001" /><testcase classname="tests.test_validation" name="test_the_decay_rate_is_a_fit_through_the_window_not_an_endpoint_difference" time="0.007" /><testcase classname="tests.test_validation" name="test_the_observed_density_ratio_recovers_a_designed_one_with_the_coefficient_cancelled" time="0.006" /><testcase classname="tests.test_validation" name="test_an_object_ahead_of_its_element_set_comes_out_positive" time="0.009" /><testcase classname="tests.test_validation" name="test_the_pivot_never_uses_an_element_set_from_after_the_date" time="0.012" /><testcase classname="tests.test_validation" name="test_a_burn_inside_the_comparison_is_flagged_rather_than_read_as_drag" time="0.015" /><testcase classname="tests.test_validation" name="test_the_slope_estimators_answer_different_questions_and_both_are_reported" time="0.002" /><testcase classname="tests.test_validation" name="test_the_control_is_subtracted_at_the_matching_lead_time" time="0.018" /><testcase classname="tests.test_validation" name="test_sign_agreement_is_blind_to_the_tail_that_carries_the_slope" time="0.001" /><testcase classname="tests.test_validation" name="test_a_short_lived_object_gets_altitudes_but_not_a_decay_rate" time="0.004" /><testcase classname="tests.test_validation" name="test_the_storm_ratio_at_one_altitude_is_a_plain_model_evaluation" time="0.010" /><testcase classname="tests.test_weather" name="test_kp_and_ap_convert_by_the_bartels_table_in_both_directions" time="0.001" /><testcase classname="tests.test_weather" name="test_kp_snaps_to_thirds_whichever_encoding_it_arrives_in" time="0.001" /><testcase classname="tests.test_weather" name="test_sw_all_becomes_eight_intervals_a_day_with_the_right_times_and_provenance" time="0.016" /><testcase classname="tests.test_weather" name="test_a_file_that_is_not_sw_all_is_refused" time="0.006" /><testcase classname="tests.test_weather" name="test_the_issue_time_is_read_from_the_product_where_it_has_one" time="0.001" /><testcase classname="tests.test_weather" name="test_the_kp_forecast_keeps_the_observed_estimated_predicted_distinction" time="0.004" /><testcase classname="tests.test_weather" name="test_the_27_day_outlook_is_read_from_its_fixed_width_table" time="0.002" /><testcase classname="tests.test_weather" name="test_the_solar_wind_arrives_as_an_array_of_arrays_with_its_header_in_the_first_row" time="0.005" /><testcase classname="tests.test_weather" name="test_solar_wind_older_than_a_week_is_rolled_to_hourly_means_keeping_the_extremes" time="0.094" /><testcase classname="tests.test_weather" name="test_a_stored_version_is_chosen_by_the_time_it_was_issued_not_by_the_time_it_was_fetched" time="0.017" /><testcase classname="tests.test_weather" name="test_the_table_layers_observation_over_forecast_and_says_which_it_used" time="0.031" /><testcase classname="tests.test_weather" name="test_a_gap_with_no_source_stays_a_gap" time="0.022" /><testcase classname="tests.test_weather" name="test_the_27_day_outlook_spreads_its_daily_a_index_flat_rather_than_its_largest_kp" time="0.019" /><testcase classname="tests.test_weather" name="test_a_synthetic_profile_is_labelled_as_one_and_leaves_the_solar_flux_alone" time="0.024" /><testcase classname="tests.test_weather" name="test_every_layer_carries_a_skill_and_the_skill_is_not_the_provenance" time="0.031" /><testcase classname="tests.test_weather" name="test_the_ap_uncertainty_widens_to_the_climatological_spread_past_three_days" time="0.272" /><testcase classname="tests.test_weather" name="test_a_forecast_storm_carries_an_uncertainty_proportional_to_the_storm" time="0.035" /><testcase classname="tests.test_weather" name="test_the_interval_grid_covers_the_window_at_three_hour_steps" time="0.001" /><testcase classname="tests.test_weather" name="test_sun_frames_are_spaced_evenly_and_a_few_a_day" time="0.001" /><testcase classname="tests.test_weather" name="test_a_thumbnails_size_is_part_of_its_cache_name" time="0.004" /><testcase classname="tests.test_workbench" name="test_same_ephemeris_and_known_displacement_are_distinguished" time="0.195" /><testcase classname="tests.test_workbench" name="test_ambiguous_or_mismatched_products_are_refused[replacement0-TIME_SYSTEM]" time="0.039" /><testcase classname="tests.test_workbench" name="test_ambiguous_or_mismatched_products_are_refused[replacement1-unsupported]" time="0.035" /><testcase classname="tests.test_workbench" name="test_ambiguous_or_mismatched_products_are_refused[replacement2-EARTH]" time="0.036" /><testcase classname="tests.test_workbench" name="test_ambiguous_or_mismatched_products_are_refused[replacement3-different OBJECT_ID]" time="0.062" /><testcase classname="tests.test_workbench" name="test_future_omm_is_not_selected_and_manoeuvres_are_counted" time="0.139" /><testcase classname="tests.test_workbench" name="test_oem_metadata_seam_is_not_interpolated_across" time="0.020" /><testcase classname="tests.test_workbench" name="test_receiver_lock_is_reconciled_without_calling_it_orbit_error" time="0.123" /><testcase classname="tests.test_workbench" name="test_a_tiny_oem_window_does_not_claim_full_pass_coverage" time="0.047" /><testcase classname="tests.test_workbench" name="test_messages_are_matched_on_pair_and_time_and_bad_covariance_is_visible" time="0.002" /><testcase classname="tests.test_workbench" name="test_model_evaluation_requires_paired_trials_and_forecast_issue_times" time="0.012" /><testcase classname="tests.test_workbench" name="test_http_boundary_serves_only_public_build_and_rejects_foreign_origins" time="0.597" /></testsuite></testsuites>